[2023-09-06T05:12:09.409+0000] {taskinstance.py:1165} INFO - Dependencies all met for <TaskInstance: filtering_customer_consumption_backup.wait_for_file manual__2023-09-06T05:12:05.612425+00:00 [queued]>
[2023-09-06T05:12:09.436+0000] {taskinstance.py:1165} INFO - Dependencies all met for <TaskInstance: filtering_customer_consumption_backup.wait_for_file manual__2023-09-06T05:12:05.612425+00:00 [queued]>
[2023-09-06T05:12:09.437+0000] {taskinstance.py:1362} INFO - 
--------------------------------------------------------------------------------
[2023-09-06T05:12:09.438+0000] {taskinstance.py:1363} INFO - Starting attempt 1 of 1
[2023-09-06T05:12:09.439+0000] {taskinstance.py:1364} INFO - 
--------------------------------------------------------------------------------
[2023-09-06T05:12:09.478+0000] {taskinstance.py:1383} INFO - Executing <Task(FileSensor): wait_for_file> on 2023-09-06 05:12:05.612425+00:00
[2023-09-06T05:12:09.497+0000] {standard_task_runner.py:55} INFO - Started process 415 to run task
[2023-09-06T05:12:09.511+0000] {standard_task_runner.py:82} INFO - Running: ['***', 'tasks', 'run', 'filtering_customer_consumption_backup', 'wait_for_file', 'manual__2023-09-06T05:12:05.612425+00:00', '--job-id', '6', '--raw', '--subdir', 'DAGS_FOLDER/filtering_customer_consumption_backup.py', '--cfg-path', '/tmp/tmpcackykm2']
[2023-09-06T05:12:09.526+0000] {standard_task_runner.py:83} INFO - Job 6: Subtask wait_for_file
[2023-09-06T05:12:09.730+0000] {task_command.py:376} INFO - Running <TaskInstance: filtering_customer_consumption_backup.wait_for_file manual__2023-09-06T05:12:05.612425+00:00 [running]> on host 60d3bee26398
[2023-09-06T05:12:10.028+0000] {taskinstance.py:1592} INFO - Exporting the following env vars:
AIRFLOW_CTX_DAG_OWNER=ductv50
AIRFLOW_CTX_DAG_ID=filtering_customer_consumption_backup
AIRFLOW_CTX_TASK_ID=wait_for_file
AIRFLOW_CTX_EXECUTION_DATE=2023-09-06T05:12:05.612425+00:00
AIRFLOW_CTX_TRY_NUMBER=1
AIRFLOW_CTX_DAG_RUN_ID=manual__2023-09-06T05:12:05.612425+00:00
[2023-09-06T05:12:10.075+0000] {base.py:71} INFO - Using connection ID 'fs1' for task execution.
[2023-09-06T05:12:10.076+0000] {filesystem.py:58} INFO - Poking for file /opt/***/dags/resources/rawdata/consumption_yyyymmdd.csv
[2023-09-06T05:12:10.088+0000] {filesystem.py:63} INFO - Found File /opt/***/dags/resources/rawdata/consumption_yyyymmdd.csv last modified: 20230828091440
[2023-09-06T05:12:10.089+0000] {base.py:213} INFO - Success criteria met. Exiting.
[2023-09-06T05:12:10.120+0000] {taskinstance.py:1406} INFO - Marking task as SUCCESS. dag_id=filtering_customer_consumption_backup, task_id=wait_for_file, execution_date=20230906T051205, start_date=20230906T051209, end_date=20230906T051210
[2023-09-06T05:12:10.249+0000] {local_task_job.py:164} INFO - Task exited with return code 0
[2023-09-06T05:12:10.360+0000] {local_task_job.py:273} INFO - 1 downstream tasks scheduled from follow-on schedule check
